<?xml version="1.0" encoding="UTF-8"?>
<!-- Generated by org.testng.reporters.JUnitXMLReporter -->
<testsuite hostname="WL306232" name="Default test" tests="4" failures="0" timestamp="27 Nov 2014 08:59:38 GMT" time="0.031" errors="0">
  <testcase name="@BeforeSuite test_Login_to_AM" time="0.0" classname="com.selenium.wmsautotests.WMSAutomationTests">
    <failure type="org.testng.TestNGException" message="
Parameter &amp;apos;username&amp;apos; is required by @Configuration on method test_Login_to_AM but has not been marked @Optional or defined
in C:\Users\shanbsac\AppData\Local\Temp\testng-eclipse-757493706\testng-customsuite.xml">
      <![CDATA[org.testng.TestNGException: 
Parameter 'username' is required by @Configuration on method test_Login_to_AM but has not been marked @Optional or defined
in C:\Users\shanbsac\AppData\Local\Temp\testng-eclipse-757493706\testng-customsuite.xml
	at org.testng.internal.Parameters.createParameters(Parameters.java:155)
	at org.testng.internal.Parameters.createParameters(Parameters.java:358)
	at org.testng.internal.Parameters.createConfigurationParameters(Parameters.java:86)
	at org.testng.internal.Invoker.invokeConfigurations(Invoker.java:199)
	at org.testng.internal.Invoker.invokeConfigurations(Invoker.java:138)
	at org.testng.SuiteRunner.privateRun(SuiteRunner.java:277)
	at org.testng.SuiteRunner.run(SuiteRunner.java:240)
	at org.testng.SuiteRunnerWorker.runSuite(SuiteRunnerWorker.java:52)
	at org.testng.SuiteRunnerWorker.run(SuiteRunnerWorker.java:86)
	at org.testng.TestNG.runSuitesSequentially(TestNG.java:1224)
	at org.testng.TestNG.runSuitesLocally(TestNG.java:1149)
	at org.testng.TestNG.run(TestNG.java:1057)
	at org.testng.remote.RemoteTestNG.run(RemoteTestNG.java:111)
	at org.testng.remote.RemoteTestNG.initAndRun(RemoteTestNG.java:204)
	at org.testng.remote.RemoteTestNG.main(RemoteTestNG.java:175)
]]>
    </failure>
  </testcase> <!-- @BeforeSuite test_Login_to_AM -->
  <testcase name="test_Quick_Search_returns_zero_results" time="0.016" classname="com.selenium.wmsautotests.WMSAutomationTests">
    <skipped/>
  </testcase> <!-- test_Quick_Search_returns_zero_results -->
  <testcase name="test_Quick_Search_returns_results" time="0.0" classname="com.selenium.wmsautotests.WMSAutomationTests">
    <skipped/>
  </testcase> <!-- test_Quick_Search_returns_results -->
  <testcase name="test_Device_Search_returns_zero_results" time="0.0" classname="com.selenium.wmsautotests.WMSAutomationTests">
    <skipped/>
  </testcase> <!-- test_Device_Search_returns_zero_results -->
  <testcase name="test_Device_Search_returns_results" time="0.0" classname="com.selenium.wmsautotests.WMSAutomationTests">
    <skipped/>
  </testcase> <!-- test_Device_Search_returns_results -->
</testsuite> <!-- Default test -->
