<?xml version="1.0" encoding="UTF-8"?>
<testng-results skipped="0" failed="1" total="4" passed="3">
  <reporter-output>
  </reporter-output>
  <suite name="src" duration-ms="34253" started-at="2014-12-08T09:44:24Z" finished-at="2014-12-08T09:44:58Z">
    <groups>
      <group name="Sanity">
        <method signature="WMSAutomationTests.test_Device_Search_returns_results(java.lang.String)[pri:0, instance:com.selenium.wmsautotests.WMSAutomationTests@6574a52c]" name="test_Device_Search_returns_results" class="com.selenium.wmsautotests.WMSAutomationTests"/>
        <method signature="WMSAutomationTests.test_Quick_Search_returns_results(java.lang.String)[pri:0, instance:com.selenium.wmsautotests.WMSAutomationTests@6574a52c]" name="test_Quick_Search_returns_results" class="com.selenium.wmsautotests.WMSAutomationTests"/>
      </group> <!-- Sanity -->
    </groups>
    <test name="Default test" duration-ms="34253" started-at="2014-12-08T09:44:24Z" finished-at="2014-12-08T09:44:58Z">
      <class name="com.selenium.wmsautotests.WMSAutomationTests">
        <test-method status="PASS" signature="test_Login_to_AM(java.lang.String, java.lang.String)[pri:0, instance:com.selenium.wmsautotests.WMSAutomationTests@6574a52c]" name="test_Login_to_AM" is-config="true" duration-ms="23217" started-at="2014-12-08T15:14:01Z" description="Verify that the Login to the AM page is successful" finished-at="2014-12-08T15:14:24Z">
          <params>
            <param index="0">
              <value>
                <![CDATA[wms]]>
              </value>
            </param>
            <param index="1">
              <value>
                <![CDATA[webord]]>
              </value>
            </param>
          </params>
          <reporter-output>
          </reporter-output>
        </test-method> <!-- test_Login_to_AM -->
        <test-method status="PASS" signature="test_Quick_Search_returns_results(java.lang.String)[pri:0, instance:com.selenium.wmsautotests.WMSAutomationTests@6574a52c]" name="test_Quick_Search_returns_results" duration-ms="7349" started-at="2014-12-08T15:14:24Z" description="Verify that Quick Search returns 0 results when search with Blank value or returns some records when searched with some text " data-provider="QuickSearchText" finished-at="2014-12-08T15:14:31Z">
          <params>
            <param index="0">
              <value>
                <![CDATA[]]>
              </value>
            </param>
          </params>
          <reporter-output>
          </reporter-output>
        </test-method> <!-- test_Quick_Search_returns_results -->
        <test-method status="PASS" signature="test_Quick_Search_returns_results(java.lang.String)[pri:0, instance:com.selenium.wmsautotests.WMSAutomationTests@6574a52c]" name="test_Quick_Search_returns_results" duration-ms="14835" started-at="2014-12-08T15:14:31Z" description="Verify that Quick Search returns 0 results when search with Blank value or returns some records when searched with some text " data-provider="QuickSearchText" finished-at="2014-12-08T15:14:46Z">
          <params>
            <param index="0">
              <value>
                <![CDATA[1]]>
              </value>
            </param>
          </params>
          <reporter-output>
          </reporter-output>
        </test-method> <!-- test_Quick_Search_returns_results -->
        <test-method status="PASS" signature="test_Device_Search_returns_results(java.lang.String)[pri:0, instance:com.selenium.wmsautotests.WMSAutomationTests@6574a52c]" name="test_Device_Search_returns_results" duration-ms="4419" started-at="2014-12-08T15:14:46Z" description="Verify that Device Search returns 0 results when search with Blank value or returns some records when searched with some text. " data-provider="DeviceSearchText" finished-at="2014-12-08T15:14:51Z">
          <params>
            <param index="0">
              <value>
                <![CDATA[]]>
              </value>
            </param>
          </params>
          <reporter-output>
          </reporter-output>
        </test-method> <!-- test_Device_Search_returns_results -->
        <test-method status="FAIL" signature="test_Device_Search_returns_results(java.lang.String)[pri:0, instance:com.selenium.wmsautotests.WMSAutomationTests@6574a52c]" name="test_Device_Search_returns_results" duration-ms="7623" started-at="2014-12-08T15:14:51Z" description="Verify that Device Search returns 0 results when search with Blank value or returns some records when searched with some text. " data-provider="DeviceSearchText" finished-at="2014-12-08T15:14:58Z">
          <params>
            <param index="0">
              <value>
                <![CDATA[1]]>
              </value>
            </param>
          </params>
          <exception class="java.lang.AssertionError">
            <message>
              <![CDATA[expected [false] but found [true]]]>
            </message>
            <full-stacktrace>
              <![CDATA[java.lang.AssertionError: expected [false] but found [true]
	at org.testng.Assert.fail(Assert.java:94)
	at org.testng.Assert.failNotEquals(Assert.java:494)
	at org.testng.Assert.assertFalse(Assert.java:63)
	at org.testng.Assert.assertFalse(Assert.java:73)
	at com.selenium.wmsautotests.WMSAutomationTests.test_Device_Search_returns_results(WMSAutomationTests.java:123)
	at sun.reflect.NativeMethodAccessorImpl.invoke0(Native Method)
	at sun.reflect.NativeMethodAccessorImpl.invoke(Unknown Source)
	at sun.reflect.DelegatingMethodAccessorImpl.invoke(Unknown Source)
	at java.lang.reflect.Method.invoke(Unknown Source)
	at org.testng.internal.MethodInvocationHelper.invokeMethod(MethodInvocationHelper.java:84)
	at org.testng.internal.Invoker.invokeMethod(Invoker.java:714)
	at org.testng.internal.Invoker.invokeTestMethod(Invoker.java:901)
	at org.testng.internal.Invoker.invokeTestMethods(Invoker.java:1231)
	at org.testng.internal.TestMethodWorker.invokeTestMethods(TestMethodWorker.java:127)
	at org.testng.internal.TestMethodWorker.run(TestMethodWorker.java:111)
	at org.testng.TestRunner.privateRun(TestRunner.java:767)
	at org.testng.TestRunner.run(TestRunner.java:617)
	at org.testng.SuiteRunner.runTest(SuiteRunner.java:334)
	at org.testng.SuiteRunner.runSequentially(SuiteRunner.java:329)
	at org.testng.SuiteRunner.privateRun(SuiteRunner.java:291)
	at org.testng.SuiteRunner.run(SuiteRunner.java:240)
	at org.testng.SuiteRunnerWorker.runSuite(SuiteRunnerWorker.java:52)
	at org.testng.SuiteRunnerWorker.run(SuiteRunnerWorker.java:86)
	at org.testng.TestNG.runSuitesSequentially(TestNG.java:1224)
	at org.testng.TestNG.runSuitesLocally(TestNG.java:1149)
	at org.testng.TestNG.run(TestNG.java:1057)
	at org.testng.remote.RemoteTestNG.run(RemoteTestNG.java:111)
	at org.testng.remote.RemoteTestNG.initAndRun(RemoteTestNG.java:204)
	at org.testng.remote.RemoteTestNG.main(RemoteTestNG.java:175)
]]>
            </full-stacktrace>
          </exception> <!-- java.lang.AssertionError -->
          <reporter-output>
          </reporter-output>
        </test-method> <!-- test_Device_Search_returns_results -->
      </class> <!-- com.selenium.wmsautotests.WMSAutomationTests -->
    </test> <!-- Default test -->
  </suite> <!-- src -->
</testng-results>
