<?xml version="1.0" encoding="UTF-8"?>
<!-- Generated by org.testng.reporters.JUnitXMLReporter -->
<testsuite hostname="WL306232" tests="0" failures="0" timestamp="27 Nov 2014 04:23:04 GMT" time="0.007" errors="0">
  <testcase name="@BeforeSuite setup" time="0.0" classname="com.selenium.wmsautotests.WMSAutomationTests">
    <failure type="org.testng.TestNGException" message="
Parameter &amp;apos;browser&amp;apos; is required by @Configuration on method setup but has not been marked @Optional or defined
in C:\SELENIUM TRAING WITH PAWAN\SeleniumWorkspace\WMSAutomation\testing.xml">
      <![CDATA[org.testng.TestNGException: 
Parameter 'browser' is required by @Configuration on method setup but has not been marked @Optional or defined
in C:\SELENIUM TRAING WITH PAWAN\SeleniumWorkspace\WMSAutomation\testing.xml
... Removed 15 stack frames]]>
    </failure>
  </testcase> <!-- @BeforeSuite setup -->
</testsuite>
